10/12/2015 09:23:16 PM INFO:Connecting to Remote Server
10/12/2015 09:23:16 PM INFO:Connected (version 2.0, client OpenSSH_6.7p1)
10/12/2015 09:23:20 PM INFO:Authentication (publickey) successful!
10/12/2015 09:23:20 PM INFO:Shutting down server
10/12/2015 09:23:50 PM INFO:Starting Backup Procedure
10/12/2015 09:23:50 PM INFO:Starting new HTTPS connection (1): api.digitalocean.com
10/12/2015 09:23:51 PM INFO:Taking Snapshot
10/12/2015 09:23:51 PM INFO:Starting new HTTPS connection (1): api.digitalocean.com
10/12/2015 09:24:01 PM INFO:Starting new HTTPS connection (1): api.digitalocean.com
10/12/2015 09:24:02 PM INFO:Starting new HTTPS connection (1): api.digitalocean.com
10/12/2015 09:24:03 PM INFO:Starting new HTTPS connection (1): api.digitalocean.com
10/12/2015 09:24:04 PM INFO:Starting new HTTPS connection (1): api.digitalocean.com
10/12/2015 09:24:04 PM INFO:Starting new HTTPS connection (1): api.digitalocean.com
10/12/2015 09:24:05 PM INFO:Starting new HTTPS connection (1): api.digitalocean.com
10/12/2015 09:24:05 PM INFO:Starting new HTTPS connection (1): api.digitalocean.com
10/12/2015 09:24:06 PM INFO:Starting new HTTPS connection (1): api.digitalocean.com
10/12/2015 09:24:06 PM INFO:Starting new HTTPS connection (1): api.digitalocean.com
10/12/2015 09:24:07 PM INFO:Starting new HTTPS connection (1): api.digitalocean.com
10/12/2015 09:24:07 PM INFO:Starting new HTTPS connection (1): api.digitalocean.com
10/12/2015 09:24:08 PM INFO:Starting new HTTPS connection (1): api.digitalocean.com
10/12/2015 09:24:08 PM INFO:Starting new HTTPS connection (1): api.digitalocean.com
10/12/2015 09:24:09 PM INFO:Starting new HTTPS connection (1): api.digitalocean.com
10/12/2015 09:24:10 PM INFO:Starting new HTTPS connection (1): api.digitalocean.com
10/12/2015 09:24:11 PM INFO:Starting new HTTPS connection (1): api.digitalocean.com
10/12/2015 09:24:12 PM INFO:Starting new HTTPS connection (1): api.digitalocean.com
10/12/2015 09:24:12 PM INFO:Starting new HTTPS connection (1): api.digitalocean.com
10/12/2015 09:24:13 PM INFO:Starting new HTTPS connection (1): api.digitalocean.com
10/12/2015 09:24:13 PM INFO:Starting new HTTPS connection (1): api.digitalocean.com
10/12/2015 09:24:14 PM INFO:Starting new HTTPS connection (1): api.digitalocean.com
10/12/2015 09:24:24 PM INFO:Starting new HTTPS connection (1): api.digitalocean.com
10/12/2015 09:24:25 PM INFO:Starting new HTTPS connection (1): api.digitalocean.com
10/12/2015 09:24:25 PM INFO:Starting new HTTPS connection (1): api.digitalocean.com
10/12/2015 09:24:26 PM INFO:Starting new HTTPS connection (1): api.digitalocean.com
10/12/2015 09:24:26 PM INFO:Starting new HTTPS connection (1): api.digitalocean.com
10/12/2015 09:24:27 PM INFO:Starting new HTTPS connection (1): api.digitalocean.com
10/12/2015 09:24:27 PM INFO:Starting new HTTPS connection (1): api.digitalocean.com
10/12/2015 09:24:28 PM INFO:Starting new HTTPS connection (1): api.digitalocean.com
10/12/2015 09:24:28 PM INFO:Starting new HTTPS connection (1): api.digitalocean.com
10/12/2015 09:24:29 PM INFO:Starting new HTTPS connection (1): api.digitalocean.com
10/12/2015 09:24:29 PM INFO:Starting new HTTPS connection (1): api.digitalocean.com
10/12/2015 09:24:30 PM INFO:Starting new HTTPS connection (1): api.digitalocean.com
10/12/2015 09:24:30 PM INFO:Starting new HTTPS connection (1): api.digitalocean.com
10/12/2015 09:24:31 PM INFO:Starting new HTTPS connection (1): api.digitalocean.com
10/12/2015 09:24:32 PM INFO:Starting new HTTPS connection (1): api.digitalocean.com
10/12/2015 09:24:32 PM INFO:Starting new HTTPS connection (1): api.digitalocean.com
10/12/2015 09:24:33 PM INFO:Starting new HTTPS connection (1): api.digitalocean.com
10/12/2015 09:24:33 PM INFO:Starting new HTTPS connection (1): api.digitalocean.com
10/12/2015 09:24:34 PM INFO:Starting new HTTPS connection (1): api.digitalocean.com
10/12/2015 09:24:34 PM INFO:Starting new HTTPS connection (1): api.digitalocean.com
10/12/2015 09:24:35 PM INFO:Starting new HTTPS connection (1): api.digitalocean.com
10/12/2015 09:24:45 PM INFO:Starting new HTTPS connection (1): api.digitalocean.com
10/12/2015 09:24:46 PM INFO:Starting new HTTPS connection (1): api.digitalocean.com
10/12/2015 09:24:46 PM INFO:Starting new HTTPS connection (1): api.digitalocean.com
10/12/2015 09:24:47 PM INFO:Starting new HTTPS connection (1): api.digitalocean.com
10/12/2015 09:24:47 PM INFO:Starting new HTTPS connection (1): api.digitalocean.com
10/12/2015 09:24:48 PM INFO:Starting new HTTPS connection (1): api.digitalocean.com
10/12/2015 09:24:48 PM INFO:Starting new HTTPS connection (1): api.digitalocean.com
10/12/2015 09:24:49 PM INFO:Starting new HTTPS connection (1): api.digitalocean.com
10/12/2015 09:24:49 PM INFO:Starting new HTTPS connection (1): api.digitalocean.com
10/12/2015 09:24:50 PM INFO:Starting new HTTPS connection (1): api.digitalocean.com
10/12/2015 09:24:50 PM INFO:Starting new HTTPS connection (1): api.digitalocean.com
10/12/2015 09:24:51 PM INFO:Starting new HTTPS connection (1): api.digitalocean.com
10/12/2015 09:24:51 PM INFO:Starting new HTTPS connection (1): api.digitalocean.com
10/12/2015 09:24:52 PM INFO:Starting new HTTPS connection (1): api.digitalocean.com
10/12/2015 09:24:52 PM INFO:Starting new HTTPS connection (1): api.digitalocean.com
10/12/2015 09:24:53 PM INFO:Starting new HTTPS connection (1): api.digitalocean.com
10/12/2015 09:24:53 PM INFO:Starting new HTTPS connection (1): api.digitalocean.com
10/12/2015 09:24:54 PM INFO:Starting new HTTPS connection (1): api.digitalocean.com
10/12/2015 09:24:54 PM INFO:Starting new HTTPS connection (1): api.digitalocean.com
10/12/2015 09:24:55 PM INFO:Starting new HTTPS connection (1): api.digitalocean.com
10/12/2015 09:24:55 PM INFO:Starting new HTTPS connection (1): api.digitalocean.com
10/12/2015 09:25:06 PM INFO:Starting new HTTPS connection (1): api.digitalocean.com
10/12/2015 09:25:06 PM INFO:Starting new HTTPS connection (1): api.digitalocean.com
10/12/2015 09:25:07 PM INFO:Starting new HTTPS connection (1): api.digitalocean.com
10/12/2015 09:25:07 PM INFO:Starting new HTTPS connection (1): api.digitalocean.com
10/12/2015 09:25:08 PM INFO:Starting new HTTPS connection (1): api.digitalocean.com
10/12/2015 09:25:08 PM INFO:Starting new HTTPS connection (1): api.digitalocean.com
10/12/2015 09:25:09 PM INFO:Starting new HTTPS connection (1): api.digitalocean.com
10/12/2015 09:25:10 PM INFO:Starting new HTTPS connection (1): api.digitalocean.com
10/12/2015 09:25:10 PM INFO:Starting new HTTPS connection (1): api.digitalocean.com
10/12/2015 09:25:11 PM INFO:Starting new HTTPS connection (1): api.digitalocean.com
10/12/2015 09:25:11 PM INFO:Starting new HTTPS connection (1): api.digitalocean.com
10/12/2015 09:25:12 PM INFO:Starting new HTTPS connection (1): api.digitalocean.com
10/12/2015 09:25:12 PM INFO:Starting new HTTPS connection (1): api.digitalocean.com
10/12/2015 09:25:13 PM INFO:Starting new HTTPS connection (1): api.digitalocean.com
10/12/2015 09:25:13 PM INFO:Starting new HTTPS connection (1): api.digitalocean.com
10/12/2015 09:25:14 PM INFO:Starting new HTTPS connection (1): api.digitalocean.com
10/12/2015 09:25:14 PM INFO:Starting new HTTPS connection (1): api.digitalocean.com
10/12/2015 09:25:15 PM INFO:Starting new HTTPS connection (1): api.digitalocean.com
10/12/2015 09:25:15 PM INFO:Starting new HTTPS connection (1): api.digitalocean.com
10/12/2015 09:25:16 PM INFO:Starting new HTTPS connection (1): api.digitalocean.com
10/12/2015 09:25:17 PM INFO:Starting new HTTPS connection (1): api.digitalocean.com
10/12/2015 09:25:27 PM INFO:Starting new HTTPS connection (1): api.digitalocean.com
10/12/2015 09:25:28 PM INFO:Starting new HTTPS connection (1): api.digitalocean.com
10/12/2015 09:25:28 PM INFO:Starting new HTTPS connection (1): api.digitalocean.com
10/12/2015 09:25:29 PM INFO:Starting new HTTPS connection (1): api.digitalocean.com
10/12/2015 09:25:29 PM INFO:Starting new HTTPS connection (1): api.digitalocean.com
10/12/2015 09:25:30 PM INFO:Starting new HTTPS connection (1): api.digitalocean.com
10/12/2015 09:25:30 PM INFO:Starting new HTTPS connection (1): api.digitalocean.com
10/12/2015 09:25:31 PM INFO:Starting new HTTPS connection (1): api.digitalocean.com
10/12/2015 09:25:31 PM INFO:Starting new HTTPS connection (1): api.digitalocean.com
10/12/2015 09:25:32 PM INFO:Starting new HTTPS connection (1): api.digitalocean.com
10/12/2015 09:25:32 PM INFO:Starting new HTTPS connection (1): api.digitalocean.com
10/12/2015 09:25:33 PM INFO:Starting new HTTPS connection (1): api.digitalocean.com
10/12/2015 09:25:33 PM INFO:Starting new HTTPS connection (1): api.digitalocean.com
10/12/2015 09:25:34 PM INFO:Starting new HTTPS connection (1): api.digitalocean.com
10/12/2015 09:25:34 PM INFO:Starting new HTTPS connection (1): api.digitalocean.com
10/12/2015 09:25:35 PM INFO:Starting new HTTPS connection (1): api.digitalocean.com
10/12/2015 09:25:35 PM INFO:Starting new HTTPS connection (1): api.digitalocean.com
10/12/2015 09:25:36 PM INFO:Starting new HTTPS connection (1): api.digitalocean.com
10/12/2015 09:25:36 PM INFO:Starting new HTTPS connection (1): api.digitalocean.com
10/12/2015 09:25:37 PM INFO:Starting new HTTPS connection (1): api.digitalocean.com
10/12/2015 09:25:37 PM INFO:Starting new HTTPS connection (1): api.digitalocean.com
10/12/2015 09:25:38 PM INFO:Deleting Old Snapshot
10/12/2015 09:25:38 PM INFO:Starting new HTTPS connection (1): api.digitalocean.com
10/12/2015 09:25:38 PM INFO:Starting new HTTPS connection (1): api.digitalocean.com
10/12/2015 09:25:39 PM INFO:Starting new HTTPS connection (1): api.digitalocean.com
10/12/2015 09:25:39 PM INFO:Starting new HTTPS connection (1): api.digitalocean.com
10/12/2015 09:25:40 PM INFO:Starting new HTTPS connection (1): api.digitalocean.com
10/12/2015 09:25:40 PM INFO:Backup Procedure Complete
10/12/2015 10:02:31 PM INFO:Connecting to Remote Server
10/12/2015 10:02:31 PM INFO:Connected (version 2.0, client OpenSSH_6.7p1)
10/12/2015 10:02:35 PM INFO:Authentication (publickey) successful!
10/12/2015 10:02:35 PM INFO:Shutting down server
10/12/2015 10:03:05 PM INFO:Starting Backup Procedure
10/12/2015 10:03:05 PM INFO:Starting new HTTPS connection (1): api.digitalocean.com
10/12/2015 10:03:06 PM INFO:Taking Snapshot
10/12/2015 10:03:06 PM INFO:Starting new HTTPS connection (1): api.digitalocean.com
10/12/2015 10:03:17 PM INFO:Starting new HTTPS connection (1): api.digitalocean.com
10/12/2015 10:03:17 PM INFO:Starting new HTTPS connection (1): api.digitalocean.com
10/12/2015 10:03:18 PM INFO:Starting new HTTPS connection (1): api.digitalocean.com
10/12/2015 10:03:19 PM INFO:Starting new HTTPS connection (1): api.digitalocean.com
10/12/2015 10:03:19 PM INFO:Starting new HTTPS connection (1): api.digitalocean.com
10/12/2015 10:03:20 PM INFO:Starting new HTTPS connection (1): api.digitalocean.com
10/12/2015 10:03:20 PM INFO:Starting new HTTPS connection (1): api.digitalocean.com
10/12/2015 10:03:21 PM INFO:Starting new HTTPS connection (1): api.digitalocean.com
10/12/2015 10:03:22 PM INFO:Starting new HTTPS connection (1): api.digitalocean.com
10/12/2015 10:03:22 PM INFO:Starting new HTTPS connection (1): api.digitalocean.com
10/12/2015 10:03:23 PM INFO:Starting new HTTPS connection (1): api.digitalocean.com
10/12/2015 10:03:23 PM INFO:Starting new HTTPS connection (1): api.digitalocean.com
10/12/2015 10:03:24 PM INFO:Starting new HTTPS connection (1): api.digitalocean.com
10/12/2015 10:03:24 PM INFO:Starting new HTTPS connection (1): api.digitalocean.com
10/12/2015 10:03:25 PM INFO:Starting new HTTPS connection (1): api.digitalocean.com
10/12/2015 10:03:25 PM INFO:Starting new HTTPS connection (1): api.digitalocean.com
10/12/2015 10:03:26 PM INFO:Starting new HTTPS connection (1): api.digitalocean.com
10/12/2015 10:03:26 PM INFO:Starting new HTTPS connection (1): api.digitalocean.com
10/12/2015 10:03:27 PM INFO:Starting new HTTPS connection (1): api.digitalocean.com
10/12/2015 10:03:27 PM INFO:Starting new HTTPS connection (1): api.digitalocean.com
10/12/2015 10:03:28 PM INFO:Starting new HTTPS connection (1): api.digitalocean.com
10/12/2015 10:03:38 PM INFO:Starting new HTTPS connection (1): api.digitalocean.com
10/12/2015 10:03:39 PM INFO:Starting new HTTPS connection (1): api.digitalocean.com
10/12/2015 10:03:39 PM INFO:Starting new HTTPS connection (1): api.digitalocean.com
10/12/2015 10:03:40 PM INFO:Starting new HTTPS connection (1): api.digitalocean.com
10/12/2015 10:03:41 PM INFO:Starting new HTTPS connection (1): api.digitalocean.com
10/12/2015 10:03:41 PM INFO:Starting new HTTPS connection (1): api.digitalocean.com
10/12/2015 10:03:42 PM INFO:Starting new HTTPS connection (1): api.digitalocean.com
10/12/2015 10:03:42 PM INFO:Starting new HTTPS connection (1): api.digitalocean.com
10/12/2015 10:03:43 PM INFO:Starting new HTTPS connection (1): api.digitalocean.com
10/12/2015 10:03:46 PM INFO:Starting new HTTPS connection (1): api.digitalocean.com
10/12/2015 10:03:46 PM INFO:Starting new HTTPS connection (1): api.digitalocean.com
10/12/2015 10:03:47 PM INFO:Starting new HTTPS connection (1): api.digitalocean.com
10/12/2015 10:03:47 PM INFO:Starting new HTTPS connection (1): api.digitalocean.com
10/12/2015 10:03:48 PM INFO:Starting new HTTPS connection (1): api.digitalocean.com
10/12/2015 10:03:48 PM INFO:Starting new HTTPS connection (1): api.digitalocean.com
10/12/2015 10:03:49 PM INFO:Starting new HTTPS connection (1): api.digitalocean.com
10/12/2015 10:03:49 PM INFO:Starting new HTTPS connection (1): api.digitalocean.com
10/12/2015 10:03:50 PM INFO:Starting new HTTPS connection (1): api.digitalocean.com
10/12/2015 10:03:51 PM INFO:Starting new HTTPS connection (1): api.digitalocean.com
10/12/2015 10:03:51 PM INFO:Starting new HTTPS connection (1): api.digitalocean.com
10/12/2015 10:03:51 PM INFO:Starting new HTTPS connection (1): api.digitalocean.com
10/12/2015 10:04:02 PM INFO:Starting new HTTPS connection (1): api.digitalocean.com
10/12/2015 10:04:03 PM INFO:Starting new HTTPS connection (1): api.digitalocean.com
10/12/2015 10:04:03 PM INFO:Starting new HTTPS connection (1): api.digitalocean.com
10/12/2015 10:04:04 PM INFO:Starting new HTTPS connection (1): api.digitalocean.com
10/12/2015 10:04:04 PM INFO:Starting new HTTPS connection (1): api.digitalocean.com
10/12/2015 10:04:05 PM INFO:Starting new HTTPS connection (1): api.digitalocean.com
10/12/2015 10:04:05 PM INFO:Starting new HTTPS connection (1): api.digitalocean.com
10/12/2015 10:04:06 PM INFO:Starting new HTTPS connection (1): api.digitalocean.com
10/12/2015 10:04:06 PM INFO:Starting new HTTPS connection (1): api.digitalocean.com
10/12/2015 10:04:07 PM INFO:Starting new HTTPS connection (1): api.digitalocean.com
10/12/2015 10:04:08 PM INFO:Starting new HTTPS connection (1): api.digitalocean.com
10/12/2015 10:04:09 PM INFO:Starting new HTTPS connection (1): api.digitalocean.com
10/12/2015 10:04:10 PM INFO:Starting new HTTPS connection (1): api.digitalocean.com
10/12/2015 10:04:10 PM INFO:Starting new HTTPS connection (1): api.digitalocean.com
10/12/2015 10:04:11 PM INFO:Starting new HTTPS connection (1): api.digitalocean.com
10/12/2015 10:04:11 PM INFO:Starting new HTTPS connection (1): api.digitalocean.com
10/12/2015 10:04:12 PM INFO:Starting new HTTPS connection (1): api.digitalocean.com
10/12/2015 10:04:12 PM INFO:Starting new HTTPS connection (1): api.digitalocean.com
10/12/2015 10:04:13 PM INFO:Starting new HTTPS connection (1): api.digitalocean.com
10/12/2015 10:04:13 PM INFO:Starting new HTTPS connection (1): api.digitalocean.com
10/12/2015 10:04:14 PM INFO:Starting new HTTPS connection (1): api.digitalocean.com
10/12/2015 10:04:24 PM INFO:Starting new HTTPS connection (1): api.digitalocean.com
10/12/2015 10:04:25 PM INFO:Starting new HTTPS connection (1): api.digitalocean.com
10/12/2015 10:04:26 PM INFO:Starting new HTTPS connection (1): api.digitalocean.com
10/12/2015 10:04:26 PM INFO:Starting new HTTPS connection (1): api.digitalocean.com
10/12/2015 10:04:27 PM INFO:Starting new HTTPS connection (1): api.digitalocean.com
10/12/2015 10:04:27 PM INFO:Starting new HTTPS connection (1): api.digitalocean.com
10/12/2015 10:04:28 PM INFO:Starting new HTTPS connection (1): api.digitalocean.com
10/12/2015 10:04:30 PM INFO:Starting new HTTPS connection (1): api.digitalocean.com
10/12/2015 10:04:30 PM INFO:Starting new HTTPS connection (1): api.digitalocean.com
10/12/2015 10:04:31 PM INFO:Starting new HTTPS connection (1): api.digitalocean.com
10/12/2015 10:04:31 PM INFO:Starting new HTTPS connection (1): api.digitalocean.com
10/12/2015 10:04:32 PM INFO:Starting new HTTPS connection (1): api.digitalocean.com
10/12/2015 10:04:33 PM INFO:Starting new HTTPS connection (1): api.digitalocean.com
10/12/2015 10:04:33 PM INFO:Starting new HTTPS connection (1): api.digitalocean.com
10/12/2015 10:04:34 PM INFO:Starting new HTTPS connection (1): api.digitalocean.com
10/12/2015 10:04:34 PM INFO:Starting new HTTPS connection (1): api.digitalocean.com
10/12/2015 10:04:35 PM INFO:Starting new HTTPS connection (1): api.digitalocean.com
10/12/2015 10:04:35 PM INFO:Starting new HTTPS connection (1): api.digitalocean.com
10/12/2015 10:04:36 PM INFO:Starting new HTTPS connection (1): api.digitalocean.com
10/12/2015 10:04:36 PM INFO:Starting new HTTPS connection (1): api.digitalocean.com
10/12/2015 10:04:37 PM INFO:Starting new HTTPS connection (1): api.digitalocean.com
10/12/2015 10:04:47 PM INFO:Starting new HTTPS connection (1): api.digitalocean.com
10/12/2015 10:04:48 PM INFO:Starting new HTTPS connection (1): api.digitalocean.com
10/12/2015 10:04:48 PM INFO:Starting new HTTPS connection (1): api.digitalocean.com
10/12/2015 10:04:49 PM INFO:Starting new HTTPS connection (1): api.digitalocean.com
10/12/2015 10:04:49 PM INFO:Starting new HTTPS connection (1): api.digitalocean.com
10/12/2015 10:04:50 PM INFO:Starting new HTTPS connection (1): api.digitalocean.com
10/12/2015 10:04:50 PM INFO:Starting new HTTPS connection (1): api.digitalocean.com
10/12/2015 10:04:51 PM INFO:Starting new HTTPS connection (1): api.digitalocean.com
10/12/2015 10:04:51 PM INFO:Starting new HTTPS connection (1): api.digitalocean.com
10/12/2015 10:04:52 PM INFO:Starting new HTTPS connection (1): api.digitalocean.com
10/12/2015 10:04:53 PM INFO:Starting new HTTPS connection (1): api.digitalocean.com
10/12/2015 10:04:53 PM INFO:Starting new HTTPS connection (1): api.digitalocean.com
10/12/2015 10:04:54 PM INFO:Starting new HTTPS connection (1): api.digitalocean.com
10/12/2015 10:04:54 PM INFO:Starting new HTTPS connection (1): api.digitalocean.com
10/12/2015 10:04:54 PM INFO:Starting new HTTPS connection (1): api.digitalocean.com
10/12/2015 10:04:55 PM INFO:Starting new HTTPS connection (1): api.digitalocean.com
10/12/2015 10:04:55 PM INFO:Starting new HTTPS connection (1): api.digitalocean.com
10/12/2015 10:04:56 PM INFO:Starting new HTTPS connection (1): api.digitalocean.com
10/12/2015 10:04:56 PM INFO:Starting new HTTPS connection (1): api.digitalocean.com
10/12/2015 10:04:57 PM INFO:Starting new HTTPS connection (1): api.digitalocean.com
10/12/2015 10:04:57 PM INFO:Starting new HTTPS connection (1): api.digitalocean.com
10/12/2015 10:04:58 PM INFO:Deleting Old Snapshot
10/12/2015 10:04:58 PM INFO:Starting new HTTPS connection (1): api.digitalocean.com
10/12/2015 10:04:59 PM INFO:Starting new HTTPS connection (1): api.digitalocean.com
10/12/2015 10:04:59 PM INFO:Starting new HTTPS connection (1): api.digitalocean.com
10/12/2015 10:05:00 PM INFO:Starting new HTTPS connection (1): api.digitalocean.com
10/12/2015 10:05:00 PM INFO:Starting new HTTPS connection (1): api.digitalocean.com
10/12/2015 10:05:01 PM INFO:Backup Procedure Complete
10/12/2015 10:07:02 PM INFO:Connecting to Remote Server
10/12/2015 10:07:02 PM INFO:Connected (version 2.0, client OpenSSH_6.7p1)
10/12/2015 10:07:05 PM INFO:Authentication (publickey) successful!
10/12/2015 10:07:05 PM INFO:Shutting down server
10/12/2015 10:07:36 PM INFO:Starting Backup Procedure
10/12/2015 10:07:36 PM INFO:Starting new HTTPS connection (1): api.digitalocean.com
10/12/2015 10:07:37 PM INFO:Taking Snapshot
10/12/2015 10:07:37 PM INFO:Starting new HTTPS connection (1): api.digitalocean.com
10/12/2015 10:07:47 PM INFO:Starting new HTTPS connection (1): api.digitalocean.com
10/12/2015 10:07:48 PM INFO:Starting new HTTPS connection (1): api.digitalocean.com
10/12/2015 10:07:49 PM INFO:Starting new HTTPS connection (1): api.digitalocean.com
10/12/2015 10:07:49 PM INFO:Starting new HTTPS connection (1): api.digitalocean.com
10/12/2015 10:07:50 PM INFO:Starting new HTTPS connection (1): api.digitalocean.com
10/12/2015 10:07:50 PM INFO:Starting new HTTPS connection (1): api.digitalocean.com
10/12/2015 10:07:51 PM INFO:Starting new HTTPS connection (1): api.digitalocean.com
10/12/2015 10:07:52 PM INFO:Starting new HTTPS connection (1): api.digitalocean.com
10/12/2015 10:07:52 PM INFO:Starting new HTTPS connection (1): api.digitalocean.com
10/12/2015 10:07:53 PM INFO:Starting new HTTPS connection (1): api.digitalocean.com
10/12/2015 10:07:53 PM INFO:Starting new HTTPS connection (1): api.digitalocean.com
10/12/2015 10:07:54 PM INFO:Starting new HTTPS connection (1): api.digitalocean.com
10/12/2015 10:07:54 PM INFO:Starting new HTTPS connection (1): api.digitalocean.com
10/12/2015 10:07:55 PM INFO:Starting new HTTPS connection (1): api.digitalocean.com
10/12/2015 10:07:55 PM INFO:Starting new HTTPS connection (1): api.digitalocean.com
10/12/2015 10:07:56 PM INFO:Starting new HTTPS connection (1): api.digitalocean.com
10/12/2015 10:07:56 PM INFO:Starting new HTTPS connection (1): api.digitalocean.com
10/12/2015 10:07:57 PM INFO:Starting new HTTPS connection (1): api.digitalocean.com
10/12/2015 10:07:57 PM INFO:Starting new HTTPS connection (1): api.digitalocean.com
10/12/2015 10:07:58 PM INFO:Starting new HTTPS connection (1): api.digitalocean.com
10/12/2015 10:07:58 PM INFO:Starting new HTTPS connection (1): api.digitalocean.com
10/12/2015 10:08:09 PM INFO:Starting new HTTPS connection (1): api.digitalocean.com
10/12/2015 10:08:09 PM INFO:Starting new HTTPS connection (1): api.digitalocean.com
10/12/2015 10:08:10 PM INFO:Starting new HTTPS connection (1): api.digitalocean.com
10/12/2015 10:08:11 PM INFO:Starting new HTTPS connection (1): api.digitalocean.com
10/12/2015 10:08:11 PM INFO:Starting new HTTPS connection (1): api.digitalocean.com
10/12/2015 10:08:12 PM INFO:Starting new HTTPS connection (1): api.digitalocean.com
10/12/2015 10:08:13 PM INFO:Starting new HTTPS connection (1): api.digitalocean.com
10/12/2015 10:08:13 PM INFO:Starting new HTTPS connection (1): api.digitalocean.com
10/12/2015 10:08:14 PM INFO:Starting new HTTPS connection (1): api.digitalocean.com
10/12/2015 10:08:14 PM INFO:Starting new HTTPS connection (1): api.digitalocean.com
10/12/2015 10:08:15 PM INFO:Starting new HTTPS connection (1): api.digitalocean.com
10/12/2015 10:08:16 PM INFO:Starting new HTTPS connection (1): api.digitalocean.com
10/12/2015 10:08:16 PM INFO:Starting new HTTPS connection (1): api.digitalocean.com
10/12/2015 10:08:17 PM INFO:Starting new HTTPS connection (1): api.digitalocean.com
10/12/2015 10:08:17 PM INFO:Starting new HTTPS connection (1): api.digitalocean.com
10/12/2015 10:08:18 PM INFO:Starting new HTTPS connection (1): api.digitalocean.com
10/12/2015 10:08:19 PM INFO:Starting new HTTPS connection (1): api.digitalocean.com
10/12/2015 10:08:19 PM INFO:Starting new HTTPS connection (1): api.digitalocean.com
10/12/2015 10:08:20 PM INFO:Starting new HTTPS connection (1): api.digitalocean.com
10/12/2015 10:08:20 PM INFO:Starting new HTTPS connection (1): api.digitalocean.com
10/12/2015 10:08:21 PM INFO:Starting new HTTPS connection (1): api.digitalocean.com
10/12/2015 10:08:31 PM INFO:Starting new HTTPS connection (1): api.digitalocean.com
10/12/2015 10:08:32 PM INFO:Starting new HTTPS connection (1): api.digitalocean.com
10/12/2015 10:08:33 PM INFO:Starting new HTTPS connection (1): api.digitalocean.com
10/12/2015 10:08:33 PM INFO:Starting new HTTPS connection (1): api.digitalocean.com
10/12/2015 10:08:34 PM INFO:Starting new HTTPS connection (1): api.digitalocean.com
10/12/2015 10:08:34 PM INFO:Starting new HTTPS connection (1): api.digitalocean.com
10/12/2015 10:08:35 PM INFO:Starting new HTTPS connection (1): api.digitalocean.com
10/12/2015 10:08:35 PM INFO:Starting new HTTPS connection (1): api.digitalocean.com
10/12/2015 10:08:36 PM INFO:Starting new HTTPS connection (1): api.digitalocean.com
10/12/2015 10:08:36 PM INFO:Starting new HTTPS connection (1): api.digitalocean.com
10/12/2015 10:08:37 PM INFO:Starting new HTTPS connection (1): api.digitalocean.com
10/12/2015 10:08:37 PM INFO:Starting new HTTPS connection (1): api.digitalocean.com
10/12/2015 10:08:38 PM INFO:Starting new HTTPS connection (1): api.digitalocean.com
10/12/2015 10:08:38 PM INFO:Starting new HTTPS connection (1): api.digitalocean.com
10/12/2015 10:08:39 PM INFO:Starting new HTTPS connection (1): api.digitalocean.com
10/12/2015 10:08:39 PM INFO:Starting new HTTPS connection (1): api.digitalocean.com
10/12/2015 10:08:40 PM INFO:Starting new HTTPS connection (1): api.digitalocean.com
10/12/2015 10:08:40 PM INFO:Starting new HTTPS connection (1): api.digitalocean.com
10/12/2015 10:08:41 PM INFO:Starting new HTTPS connection (1): api.digitalocean.com
10/12/2015 10:08:41 PM INFO:Starting new HTTPS connection (1): api.digitalocean.com
10/12/2015 10:08:42 PM INFO:Starting new HTTPS connection (1): api.digitalocean.com
10/12/2015 10:08:52 PM INFO:Starting new HTTPS connection (1): api.digitalocean.com
10/12/2015 10:08:53 PM INFO:Starting new HTTPS connection (1): api.digitalocean.com
10/12/2015 10:08:54 PM INFO:Starting new HTTPS connection (1): api.digitalocean.com
10/12/2015 10:08:54 PM INFO:Starting new HTTPS connection (1): api.digitalocean.com
10/12/2015 10:08:54 PM INFO:Starting new HTTPS connection (1): api.digitalocean.com
10/12/2015 10:08:55 PM INFO:Starting new HTTPS connection (1): api.digitalocean.com
10/12/2015 10:08:56 PM INFO:Starting new HTTPS connection (1): api.digitalocean.com
10/12/2015 10:08:56 PM INFO:Starting new HTTPS connection (1): api.digitalocean.com
10/12/2015 10:08:57 PM INFO:Starting new HTTPS connection (1): api.digitalocean.com
10/12/2015 10:08:57 PM INFO:Starting new HTTPS connection (1): api.digitalocean.com
10/12/2015 10:08:58 PM INFO:Starting new HTTPS connection (1): api.digitalocean.com
10/12/2015 10:08:58 PM INFO:Starting new HTTPS connection (1): api.digitalocean.com
10/12/2015 10:08:59 PM INFO:Starting new HTTPS connection (1): api.digitalocean.com
10/12/2015 10:08:59 PM INFO:Starting new HTTPS connection (1): api.digitalocean.com
10/12/2015 10:09:00 PM INFO:Starting new HTTPS connection (1): api.digitalocean.com
10/12/2015 10:09:00 PM INFO:Starting new HTTPS connection (1): api.digitalocean.com
10/12/2015 10:09:01 PM INFO:Starting new HTTPS connection (1): api.digitalocean.com
10/12/2015 10:09:01 PM INFO:Starting new HTTPS connection (1): api.digitalocean.com
10/12/2015 10:09:02 PM INFO:Starting new HTTPS connection (1): api.digitalocean.com
10/12/2015 10:09:02 PM INFO:Starting new HTTPS connection (1): api.digitalocean.com
10/12/2015 10:09:03 PM INFO:Starting new HTTPS connection (1): api.digitalocean.com
10/12/2015 10:09:13 PM INFO:Starting new HTTPS connection (1): api.digitalocean.com
10/12/2015 10:09:14 PM INFO:Starting new HTTPS connection (1): api.digitalocean.com
10/12/2015 10:09:14 PM INFO:Starting new HTTPS connection (1): api.digitalocean.com
10/12/2015 10:09:15 PM INFO:Starting new HTTPS connection (1): api.digitalocean.com
10/12/2015 10:09:15 PM INFO:Starting new HTTPS connection (1): api.digitalocean.com
10/12/2015 10:09:16 PM INFO:Starting new HTTPS connection (1): api.digitalocean.com
10/12/2015 10:09:16 PM INFO:Starting new HTTPS connection (1): api.digitalocean.com
10/12/2015 10:09:17 PM INFO:Starting new HTTPS connection (1): api.digitalocean.com
10/12/2015 10:09:17 PM INFO:Starting new HTTPS connection (1): api.digitalocean.com
10/12/2015 10:09:18 PM INFO:Starting new HTTPS connection (1): api.digitalocean.com
10/12/2015 10:09:18 PM INFO:Starting new HTTPS connection (1): api.digitalocean.com
10/12/2015 10:09:19 PM INFO:Starting new HTTPS connection (1): api.digitalocean.com
10/12/2015 10:09:19 PM INFO:Starting new HTTPS connection (1): api.digitalocean.com
10/12/2015 10:09:20 PM INFO:Starting new HTTPS connection (1): api.digitalocean.com
10/12/2015 10:09:20 PM INFO:Starting new HTTPS connection (1): api.digitalocean.com
10/12/2015 10:09:21 PM INFO:Starting new HTTPS connection (1): api.digitalocean.com
10/12/2015 10:09:21 PM INFO:Starting new HTTPS connection (1): api.digitalocean.com
10/12/2015 10:09:22 PM INFO:Starting new HTTPS connection (1): api.digitalocean.com
10/12/2015 10:09:22 PM INFO:Starting new HTTPS connection (1): api.digitalocean.com
10/12/2015 10:09:23 PM INFO:Starting new HTTPS connection (1): api.digitalocean.com
10/12/2015 10:09:23 PM INFO:Starting new HTTPS connection (1): api.digitalocean.com
10/12/2015 10:09:24 PM INFO:Deleting Old Snapshot
10/12/2015 10:09:24 PM INFO:Starting new HTTPS connection (1): api.digitalocean.com
10/12/2015 10:09:24 PM INFO:Starting new HTTPS connection (1): api.digitalocean.com
10/12/2015 10:09:25 PM INFO:Starting new HTTPS connection (1): api.digitalocean.com
10/12/2015 10:09:25 PM INFO:Starting new HTTPS connection (1): api.digitalocean.com
10/12/2015 10:09:26 PM INFO:Starting new HTTPS connection (1): api.digitalocean.com
10/12/2015 10:09:26 PM INFO:Backup Procedure Complete
10/13/2015 02:00:02 AM INFO:Connecting to Remote Server
10/13/2015 02:00:02 AM INFO:Connected (version 2.0, client OpenSSH_6.7p1)
10/13/2015 02:00:06 AM INFO:Authentication (publickey) successful!
10/13/2015 02:00:06 AM INFO:Shutting down server
10/13/2015 02:00:36 AM INFO:Starting Backup Procedure
10/13/2015 02:00:36 AM INFO:Starting new HTTPS connection (1): api.digitalocean.com
10/13/2015 02:00:36 AM INFO:Taking Snapshot
10/13/2015 02:00:36 AM INFO:Starting new HTTPS connection (1): api.digitalocean.com
10/13/2015 02:00:47 AM INFO:Starting new HTTPS connection (1): api.digitalocean.com
10/13/2015 02:00:48 AM INFO:Starting new HTTPS connection (1): api.digitalocean.com
10/13/2015 02:00:48 AM INFO:Starting new HTTPS connection (1): api.digitalocean.com
10/13/2015 02:00:49 AM INFO:Starting new HTTPS connection (1): api.digitalocean.com
10/13/2015 02:00:49 AM INFO:Starting new HTTPS connection (1): api.digitalocean.com
10/13/2015 02:00:50 AM INFO:Starting new HTTPS connection (1): api.digitalocean.com
10/13/2015 02:00:50 AM INFO:Starting new HTTPS connection (1): api.digitalocean.com
10/13/2015 02:00:51 AM INFO:Starting new HTTPS connection (1): api.digitalocean.com
10/13/2015 02:00:51 AM INFO:Starting new HTTPS connection (1): api.digitalocean.com
10/13/2015 02:00:52 AM INFO:Starting new HTTPS connection (1): api.digitalocean.com
10/13/2015 02:00:52 AM INFO:Starting new HTTPS connection (1): api.digitalocean.com
10/13/2015 02:00:53 AM INFO:Starting new HTTPS connection (1): api.digitalocean.com
10/13/2015 02:00:53 AM INFO:Starting new HTTPS connection (1): api.digitalocean.com
10/13/2015 02:00:54 AM INFO:Starting new HTTPS connection (1): api.digitalocean.com
10/13/2015 02:00:54 AM INFO:Starting new HTTPS connection (1): api.digitalocean.com
10/13/2015 02:00:54 AM INFO:Starting new HTTPS connection (1): api.digitalocean.com
10/13/2015 02:00:55 AM INFO:Starting new HTTPS connection (1): api.digitalocean.com
10/13/2015 02:00:55 AM INFO:Starting new HTTPS connection (1): api.digitalocean.com
10/13/2015 02:00:56 AM INFO:Starting new HTTPS connection (1): api.digitalocean.com
10/13/2015 02:00:56 AM INFO:Starting new HTTPS connection (1): api.digitalocean.com
10/13/2015 02:00:57 AM INFO:Starting new HTTPS connection (1): api.digitalocean.com
10/13/2015 02:01:07 AM INFO:Starting new HTTPS connection (1): api.digitalocean.com
10/13/2015 02:01:08 AM INFO:Starting new HTTPS connection (1): api.digitalocean.com
10/13/2015 02:01:08 AM INFO:Starting new HTTPS connection (1): api.digitalocean.com
10/13/2015 02:01:09 AM INFO:Starting new HTTPS connection (1): api.digitalocean.com
10/13/2015 02:01:10 AM INFO:Starting new HTTPS connection (1): api.digitalocean.com
10/13/2015 02:01:10 AM INFO:Starting new HTTPS connection (1): api.digitalocean.com
10/13/2015 02:01:10 AM INFO:Starting new HTTPS connection (1): api.digitalocean.com
10/13/2015 02:01:11 AM INFO:Starting new HTTPS connection (1): api.digitalocean.com
10/13/2015 02:01:11 AM INFO:Starting new HTTPS connection (1): api.digitalocean.com
10/13/2015 02:01:12 AM INFO:Starting new HTTPS connection (1): api.digitalocean.com
10/13/2015 02:01:12 AM INFO:Starting new HTTPS connection (1): api.digitalocean.com
10/13/2015 02:01:13 AM INFO:Starting new HTTPS connection (1): api.digitalocean.com
10/13/2015 02:01:14 AM INFO:Starting new HTTPS connection (1): api.digitalocean.com
10/13/2015 02:01:14 AM INFO:Starting new HTTPS connection (1): api.digitalocean.com
10/13/2015 02:01:15 AM INFO:Starting new HTTPS connection (1): api.digitalocean.com
10/13/2015 02:01:15 AM INFO:Starting new HTTPS connection (1): api.digitalocean.com
10/13/2015 02:01:15 AM INFO:Starting new HTTPS connection (1): api.digitalocean.com
10/13/2015 02:01:16 AM INFO:Starting new HTTPS connection (1): api.digitalocean.com
10/13/2015 02:01:16 AM INFO:Starting new HTTPS connection (1): api.digitalocean.com
10/13/2015 02:01:17 AM INFO:Starting new HTTPS connection (1): api.digitalocean.com
10/13/2015 02:01:17 AM INFO:Starting new HTTPS connection (1): api.digitalocean.com
10/13/2015 02:01:28 AM INFO:Starting new HTTPS connection (1): api.digitalocean.com
10/13/2015 02:01:29 AM INFO:Starting new HTTPS connection (1): api.digitalocean.com
10/13/2015 02:01:29 AM INFO:Starting new HTTPS connection (1): api.digitalocean.com
10/13/2015 02:01:29 AM INFO:Starting new HTTPS connection (1): api.digitalocean.com
10/13/2015 02:01:30 AM INFO:Starting new HTTPS connection (1): api.digitalocean.com
10/13/2015 02:01:30 AM INFO:Starting new HTTPS connection (1): api.digitalocean.com
10/13/2015 02:01:31 AM INFO:Starting new HTTPS connection (1): api.digitalocean.com
10/13/2015 02:01:31 AM INFO:Starting new HTTPS connection (1): api.digitalocean.com
10/13/2015 02:01:32 AM INFO:Starting new HTTPS connection (1): api.digitalocean.com
10/13/2015 02:01:32 AM INFO:Starting new HTTPS connection (1): api.digitalocean.com
10/13/2015 02:01:33 AM INFO:Starting new HTTPS connection (1): api.digitalocean.com
10/13/2015 02:01:33 AM INFO:Starting new HTTPS connection (1): api.digitalocean.com
10/13/2015 02:01:34 AM INFO:Starting new HTTPS connection (1): api.digitalocean.com
10/13/2015 02:01:34 AM INFO:Starting new HTTPS connection (1): api.digitalocean.com
10/13/2015 02:01:35 AM INFO:Starting new HTTPS connection (1): api.digitalocean.com
10/13/2015 02:01:35 AM INFO:Starting new HTTPS connection (1): api.digitalocean.com
10/13/2015 02:01:35 AM INFO:Starting new HTTPS connection (1): api.digitalocean.com
10/13/2015 02:01:36 AM INFO:Starting new HTTPS connection (1): api.digitalocean.com
10/13/2015 02:01:36 AM INFO:Starting new HTTPS connection (1): api.digitalocean.com
10/13/2015 02:01:37 AM INFO:Starting new HTTPS connection (1): api.digitalocean.com
10/13/2015 02:01:37 AM INFO:Starting new HTTPS connection (1): api.digitalocean.com
10/13/2015 02:01:48 AM INFO:Starting new HTTPS connection (1): api.digitalocean.com
10/13/2015 02:01:48 AM INFO:Starting new HTTPS connection (1): api.digitalocean.com
10/13/2015 02:01:49 AM INFO:Starting new HTTPS connection (1): api.digitalocean.com
10/13/2015 02:01:49 AM INFO:Starting new HTTPS connection (1): api.digitalocean.com
10/13/2015 02:01:50 AM INFO:Starting new HTTPS connection (1): api.digitalocean.com
10/13/2015 02:01:50 AM INFO:Starting new HTTPS connection (1): api.digitalocean.com
10/13/2015 02:01:50 AM INFO:Starting new HTTPS connection (1): api.digitalocean.com
10/13/2015 02:01:51 AM INFO:Starting new HTTPS connection (1): api.digitalocean.com
10/13/2015 02:01:52 AM INFO:Starting new HTTPS connection (1): api.digitalocean.com
10/13/2015 02:01:52 AM INFO:Starting new HTTPS connection (1): api.digitalocean.com
10/13/2015 02:01:52 AM INFO:Starting new HTTPS connection (1): api.digitalocean.com
10/13/2015 02:01:53 AM INFO:Starting new HTTPS connection (1): api.digitalocean.com
10/13/2015 02:01:53 AM INFO:Starting new HTTPS connection (1): api.digitalocean.com
10/13/2015 02:01:54 AM INFO:Starting new HTTPS connection (1): api.digitalocean.com
10/13/2015 02:01:54 AM INFO:Starting new HTTPS connection (1): api.digitalocean.com
10/13/2015 02:01:55 AM INFO:Starting new HTTPS connection (1): api.digitalocean.com
10/13/2015 02:01:55 AM INFO:Starting new HTTPS connection (1): api.digitalocean.com
10/13/2015 02:01:56 AM INFO:Starting new HTTPS connection (1): api.digitalocean.com
10/13/2015 02:01:56 AM INFO:Starting new HTTPS connection (1): api.digitalocean.com
10/13/2015 02:01:57 AM INFO:Starting new HTTPS connection (1): api.digitalocean.com
10/13/2015 02:01:57 AM INFO:Starting new HTTPS connection (1): api.digitalocean.com
10/13/2015 02:02:08 AM INFO:Starting new HTTPS connection (1): api.digitalocean.com
10/13/2015 02:02:08 AM INFO:Starting new HTTPS connection (1): api.digitalocean.com
10/13/2015 02:02:09 AM INFO:Starting new HTTPS connection (1): api.digitalocean.com
10/13/2015 02:02:09 AM INFO:Starting new HTTPS connection (1): api.digitalocean.com
10/13/2015 02:02:10 AM INFO:Starting new HTTPS connection (1): api.digitalocean.com
10/13/2015 02:02:10 AM INFO:Starting new HTTPS connection (1): api.digitalocean.com
10/13/2015 02:02:10 AM INFO:Starting new HTTPS connection (1): api.digitalocean.com
10/13/2015 02:02:11 AM INFO:Starting new HTTPS connection (1): api.digitalocean.com
10/13/2015 02:02:11 AM INFO:Starting new HTTPS connection (1): api.digitalocean.com
10/13/2015 02:02:12 AM INFO:Starting new HTTPS connection (1): api.digitalocean.com
10/13/2015 02:02:12 AM INFO:Starting new HTTPS connection (1): api.digitalocean.com
10/13/2015 02:02:13 AM INFO:Starting new HTTPS connection (1): api.digitalocean.com
10/13/2015 02:02:13 AM INFO:Starting new HTTPS connection (1): api.digitalocean.com
10/13/2015 02:02:14 AM INFO:Starting new HTTPS connection (1): api.digitalocean.com
10/13/2015 02:02:14 AM INFO:Starting new HTTPS connection (1): api.digitalocean.com
10/13/2015 02:02:15 AM INFO:Starting new HTTPS connection (1): api.digitalocean.com
10/13/2015 02:02:15 AM INFO:Starting new HTTPS connection (1): api.digitalocean.com
10/13/2015 02:02:16 AM INFO:Starting new HTTPS connection (1): api.digitalocean.com
10/13/2015 02:02:16 AM INFO:Starting new HTTPS connection (1): api.digitalocean.com
10/13/2015 02:02:17 AM INFO:Starting new HTTPS connection (1): api.digitalocean.com
10/13/2015 02:02:17 AM INFO:Starting new HTTPS connection (1): api.digitalocean.com
10/13/2015 02:02:28 AM INFO:Starting new HTTPS connection (1): api.digitalocean.com
10/13/2015 02:02:28 AM INFO:Starting new HTTPS connection (1): api.digitalocean.com
10/13/2015 02:02:29 AM INFO:Starting new HTTPS connection (1): api.digitalocean.com
10/13/2015 02:02:29 AM INFO:Starting new HTTPS connection (1): api.digitalocean.com
10/13/2015 02:02:29 AM INFO:Starting new HTTPS connection (1): api.digitalocean.com
10/13/2015 02:02:30 AM INFO:Starting new HTTPS connection (1): api.digitalocean.com
10/13/2015 02:02:30 AM INFO:Starting new HTTPS connection (1): api.digitalocean.com
10/13/2015 02:02:31 AM INFO:Starting new HTTPS connection (1): api.digitalocean.com
10/13/2015 02:02:31 AM INFO:Starting new HTTPS connection (1): api.digitalocean.com
10/13/2015 02:02:32 AM INFO:Starting new HTTPS connection (1): api.digitalocean.com
10/13/2015 02:02:32 AM INFO:Starting new HTTPS connection (1): api.digitalocean.com
10/13/2015 02:02:33 AM INFO:Starting new HTTPS connection (1): api.digitalocean.com
10/13/2015 02:02:33 AM INFO:Starting new HTTPS connection (1): api.digitalocean.com
10/13/2015 02:02:34 AM INFO:Starting new HTTPS connection (1): api.digitalocean.com
10/13/2015 02:02:34 AM INFO:Starting new HTTPS connection (1): api.digitalocean.com
10/13/2015 02:02:35 AM INFO:Starting new HTTPS connection (1): api.digitalocean.com
10/13/2015 02:02:35 AM INFO:Starting new HTTPS connection (1): api.digitalocean.com
10/13/2015 02:02:36 AM INFO:Starting new HTTPS connection (1): api.digitalocean.com
10/13/2015 02:02:36 AM INFO:Starting new HTTPS connection (1): api.digitalocean.com
10/13/2015 02:02:37 AM INFO:Starting new HTTPS connection (1): api.digitalocean.com
10/13/2015 02:02:37 AM INFO:Starting new HTTPS connection (1): api.digitalocean.com
10/13/2015 02:02:38 AM INFO:Deleting Old Snapshot
10/13/2015 02:02:38 AM INFO:Starting new HTTPS connection (1): api.digitalocean.com
10/13/2015 02:02:38 AM INFO:Starting new HTTPS connection (1): api.digitalocean.com
10/13/2015 02:02:38 AM INFO:Starting new HTTPS connection (1): api.digitalocean.com
10/13/2015 02:02:39 AM INFO:Starting new HTTPS connection (1): api.digitalocean.com
10/13/2015 02:02:39 AM INFO:Starting new HTTPS connection (1): api.digitalocean.com
10/13/2015 02:02:40 AM INFO:Backup Procedure Complete
